10101100
00110001
10101100
00000000
11001101
11001101
11001101
11001101
11001101
11001101
11001101
11001101
11001101
11001101
11001101
11001101
11001101
11001101
11001101
11001101
11001101
11001101
11001101
11001101
11001101
11001101
11001101
11001101
11001101
11001101
11001101
11001101
11001101
11001101
11001101
11001101
11001101
11001101
11001101
11001101
11001101
11001101
11001101
11001101
11001101
11001101
11001101
11001101
11001101
11001101
11001101
11001101
11001101
11001101
11001101
11001101
11001101
11001101
11001101
11001101
11001101
11001101
11001101
11001101
11001101
11001101
11001101
11001101
11001101
11001101
11001101
11001101
11001101
11001101
11001101
11001101
11001101
11001101
11001101
11001101
11001101
11001101
11001101
11001101
11001101
11001101
11001101
11001101
11001101
11001101
11001101
11001101
11001101
11001101
11001101
11001101
11001101
11001101
11001101
11001101
11001101
11001101
11001101
11001101
11001101
11001101
11001101
11001101
11001101
11001101
11001101
11001101
11001101
11001101
11001101
11001101
11001101
11001101
11001101
11001101
11001101
11001101
11001101
11001101
11001101
11001101
11001101
11001101
11001101
11001101
11001101
11001101
11001101
11001101
11001101
11001101
11001101
11001101
11001101
11001101
11001101
11001101
11001101
11001101
11001101
11001101
11001101
11001101
11001101
11001101
11001101
11001101
11001101
11001101
11001101
11001101
11001101
11001101
11001101
11001101
11001101
11001101
11001101
11001101
11001101
11001101
11001101
11001101
11001101
11001101
11001101
11001101
11001101
11001101
11001101
11001101
11001101
11001101
11001101
11001101
11001101
11001101
11001101
11001101
11001101
11001101
11001101
11001101
11001101
11001101
11001101
11001101
11001101
11001101
11001101
11001101
11001101
11001101
11001101
11001101
11001101
11001101
11001101
11001101
11001101
11001101
11001101
11001101
11001101
11001101
11001101
11001101
11001101
11001101
11001101
11001101
11001101
11001101
11001101
11001101
11001101
11001101
11001101
11001101
11001101
11001101
11001101
11001101
11001101
11001101
11001101
11001101
11001101
11001101
11001101
11001101
11001101
11001101
11001101
11001101
11001101
11001101
11001101
11001101
11001101
11001101
11001101
11001101
11001101
11001101
11001101
11001101
11001101
11001101
11001101
11001101
11001101
11001101
11001101
11001101
11001101
11001101
11001101
11001101
11001101
11001101
11001101
11001101
11001101
11001101
11001101
11001101
11001101
11001101
11001101
11001101
11001101
11001101
11001101
11001101
11001101
11001101
11001101
11001101
11001101
11001101
11001101
11001101
11001101
11001101
11001101
11001101
11001101
11001101
11001101
11001101
11001101
11001101
11001101
11001101
11001101
11001101
11001101
11001101
11001101
11001101
11001101
11001101
11001101
11001101
11001101
11001101
11001101
11001101
11001101
11001101
11001101
11001101
11001101
11001101
11001101
11001101
11001101
11001101
11001101
11001101
11001101
11001101
11001101
11001101
11001101
11001101
11001101
11001101
11001101
11001101
11001101
11001101
11001101
11001101
11001101
11001101
11001101
11001101
11001101
11001101
11001101
11001101
11001101
11001101
11001101
11001101
11001101
11001101
11001101
11001101
11001101
11001101
11001101
11001101
11001101
11001101
11001101
11001101
11001101
11001101
11001101
11001101
11001101
11001101
11001101
11001101
11001101
11001101
11001101
11001101
11001101
11001101
11001101
11001101
11001101
11001101
11001101
11001101
11001101
11001101
11001101
11001101
11001101
11001101
11001101
11001101
11001101
11001101
11001101
11001101
11001101
11001101
11001101
11001101
11001101
11001101
11001101
11001101
11001101
11001101
11001101
11001101
11001101
11001101
11001101
11001101
11001101
11001101
11001101
11001101
11001101
11001101
11001101
11001101
11001101
11001101
11001101
11001101
11001101
11001101
11001101
11001101
11001101
11001101
11001101
11001101
11001101
11001101
11001101
11001101
11001101
11001101
11001101
11001101
11001101
11001101
11001101
11001101
11001101
11001101
11001101
11001101
11001101
11001101
11001101
11001101
11001101
11001101
11001101
11001101
11001101
11001101
11001101
11001101
11001101
11001101
11001101
11001101
11001101
11001101
11001101
11001101
11001101
11001101
11001101
11001101
11001101
11001101
11001101
11001101
11001101
11001101
11001101
11001101
11001101
11001101
11001101
11001101
11011001
00000100
01000101
00000100
00000010
01100001
01001011
01100001
00000100
00001111
00001000
00100010
01101011
01100100
00010101
00001111
00000011
00100010
00011010
00110100
00000001
10000001
11111011
00110011
00000001
10000000
11110110
00110011
01000101
00000101
11001000
00000101
11011001
00000100
11111011
00000100
00000000
00001010
00000000
01001011
11000000
01001111
00000000
01000000
00000001
00011000
00000000
00001000
00000000
00001110
11111011
00000101
11001000
00000101
11011001
00000100
11111011
00000100
00000000
01001011
11000000
01001111
00000010
00011000
01000011
00011000
10000100
00011000
11111011
00000101
11001000
00000101
11011001
00000100
11111011
00000100
00000001
00000100
00000000
01001011
11000000
01001111
00000110
00011000
01000111
00011000
00000001
01000000
00000001
00011000
00000000
00001000
00000001
00000101
11111011
00000101
11001000
00000101
11011001
00000100
11111011
00000100
00010010
00000100
00000010
01001011
00000000
01001111
00000000
00001100
00010000
00001011
00100000
00001011
00000001
11100001
00000111
11110010
01001010
01110010
00000000
01010000
00000001
00101101
10111000
11010001
00000001
00001011
00000000
00001000
00010010
00000101
11111011
00000101
11001000
00000101
11011001
00000100
11111011
00000100
00000001
01000000
00001111
01010000
00111000
00100100
00000001
01000001
00001110
01010001
00110011
00100100
00100001
00001011
00000100
11100010
10010000
01100000
00000100
01001011
00000000
01001111
00110010
00001101
01000011
00001011
00000000
01000101
01100010
00001011
00010001
10010110
01110110
00001101
01101111
01100001
00000001
10000110
01110110
00001101
01101111
01100001
00000001
10000110
01110110
00001101
01101111
01100001
00001110
10000110
01110110
00001101
01101111
01100001
00000010
10000110
01110110
00001101
01101111
01100001
00001110
10000110
01110110
00001101
01101111
01100001
00000001
10000110
01110110
00001101
01101111
01100001
00000001
10000110
01110110
00001101
01101111
01100001
00000001
01010011
00001000
00100011
00000010
01010101
00000010
00100100
00000000
01000100
00000011
00110000
00000011
01010101
00000001
00101011
00000000
01000100
00000011
00110000
00000011
01010101
00000001
00100011
00000001
01000100
11110100
01001011
00000000
01001111
01000010
00001001
00000001
10000001
11001011
00110011
00000001
10000000
11000110
00110011
11111011
00000101
11001000
00000101
11011001
00000100
11111011
00000100
00000001
00000100
00000000
01000000
11110000
01010000
00001000
00100100
11110100
01001011
00000000
01001111
00010000
00001101
00000100
01001011
00000000
01001111
00010000
00001001
00000001
10000000
11110110
00110011
00000001
00000101
11111011
00000101
11001000
00000101
11011001
00000100
11111011
00000100
00000001
00000100
00100011
00000100
00000000
01000000
00010000
01010000
00011100
00100100
00000000
01000001
00001111
01010001
00010111
00100100
00100001
00001011
00000100
11100010
10010000
01100000
00000100
01001011
00000000
01001111
00100010
00001101
11111111
10100010
00000001
00000100
00000010
00001011
00010010
00001011
01110010
00110111
00000001
00000101
00000001
00000100
00100011
00000100
00000100
11100000
00000100
11100001
00010000
01000010
00010000
01000011
01001111
00110111
00100011
00000101
00000001
00000101
00000001
10000001
11100111
00110011
00000001
10000000
11100010
00110011
00100011
00000101
00000001
00000101
11111011
00000101
11001000
00000101
00000000
01001010
00010000
01001110
00000000
01000001
00000100
01001011
00000000
01001111
11110000
01010001
00001001
00100100
01101110
00110111
00000000
01010000
00000010
00101100
00000001
01000000
00000001
00110000
00000000
01000000
00000001
00001001
00000001
10000001
11110101
00110011
11110100
01001011
00000000
01001111
00000000
01000000
00000000
01000001
11110000
01010000
00000011
00100100
00010000
00001001
00000001
10000000
11111011
00110011
10111111
00110111
01101110
00110111
10101100
00110111
11111100
00110011
11111111
00110011
00000000
00000000
00000000
00000000
00000000
00000000
00000000
00000000
00000000
00000000
00000000
00000000
00000000
00000000
00000000
00000000
00000000
00000000
00000000
00000000
00000000
00000000
00000000
00000000
00000000
00000000
00000000
00000000
00000000
00000000
00000000
00000000
00000000
00000000
00000000
00000000
00000000
00000000
00000000
00000000
00000000
00000000
00000000
00000000
00000000
00000000
00000000
00000000
00000000
00000000
00000000
00000000
00000000
00000000
00000000
00000000
00000000
00000000
00000000
00000000
00000000
00000000
00000000
00000000
00000000
00000000
00000000
00000000
00000000
00000000
00000000
00000000
00000000
00000000
00000000
00000000
00000000
00000000
00000000
00000000
00000000
00000000
00000000
00000000
00000000
00000000
00000000
00000000
00000000
00000000
00000000
00000000
00000000
00000000
00000000
00000000
00000000
00000000
00000000
00000000
00000000
00000000
00000000
00000000
00000000
00000000